\BOOKMARK [1][]{Jaeyoon Song.1}{Jaeyoon\040Song}{}% 1
\BOOKMARK [2][]{PDF:Education.2}{Education}{Jaeyoon Song.1}% 2
\BOOKMARK [2][]{PDF:ResearchExperience.2}{Research\040Experience}{Jaeyoon Song.1}% 3
\BOOKMARK [2][]{PDF:Interests.2}{Interests}{Jaeyoon Song.1}% 4
\BOOKMARK [2][]{PDF:Publications.2}{Publications}{Jaeyoon Song.1}% 5
\BOOKMARK [3][]{PDF:Journals.3}{Journals}{PDF:Publications.2}% 6
\BOOKMARK [3][]{PDF:Posters.3}{Posters}{PDF:Publications.2}% 7
\BOOKMARK [2][]{PDF:OngoingProjects.2}{Research\040Projects}{Jaeyoon Song.1}% 8
\BOOKMARK [3][]{PDF:UnderReview.3}{Papers\040Under\040Review}{PDF:OngoingProjects.2}% 9
\BOOKMARK [3][]{PDF:WorkInProgress.3}{Work\040in\040Progress}{PDF:OngoingProjects.2}% 10
\BOOKMARK [2][]{PDF:RelevantCoursework.2}{Relevant\040Coursework}{Jaeyoon Song.1}% 11
\BOOKMARK [2][]{PDF:AwardsAndScholarships.2}{Awards\040&\040Scholarships}{Jaeyoon Song.1}% 12
\BOOKMARK [3][]{PDF:Awards.3}{Awards}{PDF:AwardsAndScholarships.2}% 13
\BOOKMARK [3][]{PDF:Scholarships.3}{Scholarships}{PDF:AwardsAndScholarships.2}% 14
\BOOKMARK [2][]{PDF:AdditionalExperience.2}{Additional\040Experience}{Jaeyoon Song.1}% 15
\BOOKMARK [3][]{PDF:ClubActivities.3}{Work\040Experience\040and\040Club\040Activities}{PDF:AdditionalExperience.2}% 16
\BOOKMARK [3][]{PDF:WebProjects.3}{Web\040Projects}{PDF:AdditionalExperience.2}% 17
\BOOKMARK [2][]{PDF:Skills.2}{Skills}{Jaeyoon Song.1}% 18
\BOOKMARK [3][]{PDF:Languages.3}{Languages}{PDF:Skills.2}% 19
\BOOKMARK [3][]{PDF:Programming.3}{Programming}{PDF:Skills.2}% 20
\BOOKMARK [3][]{PDF:Others.3}{Others}{PDF:Skills.2}% 21
